<?xml version="1.0" encoding="UTF-8"?>
<!-- Generated by org.testng.reporters.JUnitReportReporter -->
<testsuite hostname="LAPTOP-DV5L9HJS" failures="0" tests="2" name="Probook.NewTest" time="20.857" errors="0" timestamp="2024-02-06T15:14:00 WEST" skipped="0">
  <testcase classname="Probook.NewTest" name="Se_connecter" time="10.558"/>
  <testcase classname="Probook.NewTest" name="Se_connecter" time="10.299"/>
</testsuite> <!-- Probook.NewTest -->
